[
  {
    "line": 2,
    "elements": [
      {
        "line": 14,
        "name": "Test Login with valid credentials",
        "description": "",
        "id": "login-feature;test-login-with-valid-credentials;;2",
        "type": "scenario",
        "keyword": "Scenario Outline",
        "steps": [
          {
            "result": {
              "duration": 5809588809,
              "status": "passed"
            },
            "line": 7,
            "name": "User navigates to Login Page",
            "match": {
              "location": "LoginSteps.navigateToLoginPage()"
            },
            "keyword": "Given "
          },
          {
            "result": {
              "duration": 1639911465,
              "status": "passed"
            },
            "line": 8,
            "name": "User enters Admin and hUKwJTbofgPU9eVlw/CnDQ\u003d\u003d",
            "match": {
              "arguments": [
                {
                  "val": "Admin",
                  "offset": 12
                },
                {
                  "val": "hUKwJTbofgPU9eVlw/CnDQ\u003d\u003d",
                  "offset": 22
                }
              ],
              "location": "LoginSteps.enterCredentials(String,String)"
            },
            "keyword": "When "
          },
          {
            "result": {
              "duration": 2990153878,
              "status": "passed"
            },
            "line": 9,
            "name": "Click on login button",
            "match": {
              "location": "LoginSteps.clickLogin()"
            },
            "keyword": "And "
          },
          {
            "result": {
              "duration": 618568849,
              "status": "passed"
            },
            "line": 10,
            "name": "User is navigated to homepage",
            "match": {
              "location": "LoginSteps.I_verify_the_status_in_step()"
            },
            "keyword": "Then "
          }
        ]
      },
      {
        "line": 15,
        "name": "Test Login with valid credentials",
        "description": "",
        "id": "login-feature;test-login-with-valid-credentials;;3",
        "type": "scenario",
        "keyword": "Scenario Outline",
        "steps": [
          {
            "result": {
              "duration": 4331906326,
              "status": "passed"
            },
            "line": 7,
            "name": "User navigates to Login Page",
            "match": {
              "location": "LoginSteps.navigateToLoginPage()"
            },
            "keyword": "Given "
          },
          {
            "result": {
              "duration": 1583764724,
              "status": "passed"
            },
            "line": 8,
            "name": "User enters DEF and CFIo7qV34A0\u003d",
            "match": {
              "arguments": [
                {
                  "val": "DEF",
                  "offset": 12
                },
                {
                  "val": "CFIo7qV34A0\u003d",
                  "offset": 20
                }
              ],
              "location": "LoginSteps.enterCredentials(String,String)"
            },
            "keyword": "When "
          },
          {
            "result": {
              "duration": 924054738,
              "status": "passed"
            },
            "line": 9,
            "name": "Click on login button",
            "match": {
              "location": "LoginSteps.clickLogin()"
            },
            "keyword": "And "
          },
          {
            "result": {
              "error_message": "com.kms.katalon.core.exception.StepFailedException: Unable to verify object \u0027Object Repository/Page_OrangeHRM/h1_Dashboard\u0027 is present\n\tat com.kms.katalon.core.webui.keyword.internal.WebUIKeywordMain.stepFailed(WebUIKeywordMain.groovy:64)\n\tat com.kms.katalon.core.webui.keyword.internal.WebUIKeywordMain.runKeyword(WebUIKeywordMain.groovy:26)\n\tat com.kms.katalon.core.webui.keyword.builtin.VerifyElementPresentKeyword.verifyElementPresent(VerifyElementPresentKeyword.groovy:92)\n\tat com.kms.katalon.core.webui.keyword.builtin.VerifyElementPresentKeyword.execute(VerifyElementPresentKeyword.groovy:68)\n\tat com.kms.katalon.core.keyword.internal.KeywordExecutor.executeKeywordForPlatform(KeywordExecutor.groovy:73)\n\tat com.kms.katalon.core.webui.keyword.WebUiBuiltInKeywords.verifyElementPresent(WebUiBuiltInKeywords.groovy:1463)\n\tat com.kms.katalon.core.webui.keyword.WebUiBuiltInKeywords$verifyElementPresent$4.call(Unknown Source)\n\tat LoginSteps.I_verify_the_status_in_step(LoginSteps.groovy:73)\n\tat âœ½.User is navigated to homepage(/Users/christian/git/pruebaKat/Include/features/Login/Login.feature:10)\nCaused by: com.kms.katalon.core.exception.StepFailedException: com.kms.katalon.core.webui.exception.WebElementNotFoundException: Web element with id: \u0027Object Repository/Page_OrangeHRM/h1_Dashboard\u0027 located by \u0027//div[@id\u003d\u0027content\u0027]/div/div/h1\u0027 not found\n\tat com.kms.katalon.core.webui.keyword.internal.WebUIKeywordMain.stepFailed(WebUIKeywordMain.groovy:64)\n\tat com.kms.katalon.core.webui.keyword.builtin.VerifyElementPresentKeyword$_verifyElementPresent_closure1.doCall(VerifyElementPresentKeyword.groovy:85)\n\tat com.kms.katalon.core.webui.keyword.builtin.VerifyElementPresentKeyword$_verifyElementPresent_closure1.call(VerifyElementPresentKeyword.groovy)\n\tat com.kms.katalon.core.webui.keyword.internal.WebUIKeywordMain.runKeyword(WebUIKeywordMain.groovy:20)\n\tat com.kms.katalon.core.webui.keyword.builtin.VerifyElementPresentKeyword.verifyElementPresent(VerifyElementPresentKeyword.groovy:92)\n\tat com.kms.katalon.core.webui.keyword.builtin.VerifyElementPresentKeyword.execute(VerifyElementPresentKeyword.groovy:68)\n\tat com.kms.katalon.core.keyword.internal.KeywordExecutor.executeKeywordForPlatform(KeywordExecutor.groovy:73)\n\tat com.kms.katalon.core.webui.keyword.WebUiBuiltInKeywords.verifyElementPresent(WebUiBuiltInKeywords.groovy:1463)\n\tat com.kms.katalon.core.webui.keyword.WebUiBuiltInKeywords$verifyElementPresent$4.call(Unknown Source)\n\tat LoginSteps.I_verify_the_status_in_step(LoginSteps.groovy:73)\n\tat cucumber.runtime.Utils$1.call(Utils.java:26)\n\tat cucumber.runtime.Timeout.timeout(Timeout.java:16)\n\tat cucumber.runtime.Utils.invoke(Utils.java:20)\n\tat cucumber.runtime.java.JavaStepDefinition.execute(JavaStepDefinition.java:48)\n\tat cucumber.runtime.PickleStepDefinitionMatch.runStep(PickleStepDefinitionMatch.java:50)\n\tat cucumber.runner.TestStep.executeStep(TestStep.java:55)\n\tat cucumber.runner.TestStep.run(TestStep.java:42)\n\tat cucumber.runner.PickleStepTestStep.run(PickleStepTestStep.java:53)\n\tat cucumber.runner.TestCase.run(TestCase.java:47)\n\tat cucumber.runner.Runner.runPickle(Runner.java:44)\n\tat cucumber.runtime.Runtime.runFeature(Runtime.java:120)\n\tat cucumber.runtime.Runtime.run(Runtime.java:106)\n\tat cucumber.api.cli.Main.run(Main.java:35)\n\tat cucumber.api.cli.Main$run.call(Unknown Source)\n\tat com.kms.katalon.core.cucumber.keyword.CucumberBuiltinKeywords$_runFeatureFolder_closure3.doCall(CucumberBuiltinKeywords.groovy:357)\n\tat com.kms.katalon.core.cucumber.keyword.CucumberBuiltinKeywords$_runFeatureFolder_closure3.doCall(CucumberBuiltinKeywords.groovy)\n\tat com.kms.katalon.core.keyword.internal.KeywordMain.runKeyword(KeywordMain.groovy:68)\n\tat com.kms.katalon.core.keyword.internal.KeywordMain$runKeyword.call(Unknown Source)\n\tat com.kms.katalon.core.cucumber.keyword.CucumberBuiltinKeywords.runFeatureFolder(CucumberBuiltinKeywords.groovy:326)\n\tat com.kms.katalon.core.cucumber.keyword.CucumberBuiltinKeywords$runFeatureFolder$0.callStatic(Unknown Source)\n\tat com.kms.katalon.core.cucumber.keyword.CucumberBuiltinKeywords.runFeatureFolder(CucumberBuiltinKeywords.groovy:492)\n\tat com.kms.katalon.core.cucumber.keyword.CucumberBuiltinKeywords$runFeatureFolder.call(Unknown Source)\n\tat RunFeatureFolder.run(RunFeatureFolder:20)\n\tat com.kms.katalon.core.main.ScriptEngine.run(ScriptEngine.java:194)\n\tat com.kms.katalon.core.main.ScriptEngine.runScriptAsRawText(ScriptEngine.java:119)\n\tat com.kms.katalon.core.main.TestCaseExecutor.runScript(TestCaseExecutor.java:398)\n\tat com.kms.katalon.core.main.TestCaseExecutor.doExecute(TestCaseExecutor.java:389)\n\tat com.kms.katalon.core.main.TestCaseExecutor.processExecutionPhase(TestCaseExecutor.java:368)\n\tat com.kms.katalon.core.main.TestCaseExecutor.accessMainPhase(TestCaseExecutor.java:360)\n\tat com.kms.katalon.core.main.TestCaseExecutor.execute(TestCaseExecutor.java:255)\n\tat com.kms.katalon.core.main.TestSuiteExecutor.accessTestCaseMainPhase(TestSuiteExecutor.java:203)\n\tat com.kms.katalon.core.main.TestSuiteExecutor.accessTestSuiteMainPhase(TestSuiteExecutor.java:152)\n\tat com.kms.katalon.core.main.TestSuiteExecutor.execute(TestSuiteExecutor.java:95)\n\tat com.kms.katalon.core.main.TestCaseMain.startTestSuite(TestCaseMain.java:157)\n\tat com.kms.katalon.core.main.TestCaseMain$startTestSuite$0.call(Unknown Source)\n\tat TempTestSuite1622755464868.run(TempTestSuite1622755464868.groovy:39)\n",
              "duration": 4769598131,
              "status": "failed"
            },
            "line": 10,
            "name": "User is navigated to homepage",
            "match": {
              "location": "LoginSteps.I_verify_the_status_in_step()"
            },
            "keyword": "Then "
          }
        ]
      }
    ],
    "name": "Login feature",
    "description": "  I want to Login at Healthcare Web",
    "id": "login-feature",
    "keyword": "Feature",
    "uri": "/Users/christian/git/pruebaKat/Include/features/Login/Login.feature",
    "tags": []
  }
]